
NEW SCRAPING ACTION!
Date: 09/abr/2019
Hour: 23:41:55
New registries: 60.
	- ELECNOR, S.A.
	- DESARROLLOS ESPECIALES DE SISTEMAS DE ANCLAJES, S.A.
	- REPSOL, S.A.
	- AZKOYEN, S.A.
	- CEMENTOS MOLINS, S.A.
	- COMPAÑIA ESPAÑOLA DE VIVIENDAS EN ALQUILER, S.A.
	- NICOLAS CORREA, S.A.
	- HISPANIA ACTIVOS INMOBILIARIOS SOCIMI, S.A.
	- MONTEBALITO, S.A.
	- LINGOTES ESPECIALES, S.A.
	- EDP RENOVAVEIS, S.A.
	- GRUPO CATALANA OCCIDENTE, S.A.
	- CARTERA INDUSTRIAL REA, S.A.
	- SAINT CROIX HOLDING IMMOBILIER, SOCIMI, S.A.
	- EBRO FOODS, S.A.
	- SACYR, S.A.
	- LIBERBANK, S.A.
	- TALGO, S.A.
	- NATURHOUSE HEALTH, S.A.
	- VISCOFAN, S.A.
	- CLINICA BAVIERA, S.A.
	- INDRA SISTEMAS, S.A.
	- DEOLEO, S.A.
	- SNIACE, S.A.
	- BODEGAS RIOJANAS, S.A.
	- GESTAMP AUTOMOCION, S.A.
	- GLOBAL DOMINION ACCESS, S.A.
	- BARON DE LEY, S.A.
	- NYESA VALORES CORPORACION, S.A.
	- COMPAÑIA LEVANTINA DE EDIFICACION Y OBRAS PUBLICAS, S.A.
	- ALANTRA PARTNERS, S.A.
	- FERROVIAL, S.A.
	- PHARMA MAR, S.A.
	- AYCO GRUPO INMOBILIARIO, S.A.
	- LIBERTAS 7, S.A.
	- BANCO SANTANDER, S.A.
	- CORPORACION FINANCIERA ALBA, S.A.
	- URBAS GRUPO FINANCIERO, S.A.
	- LABORATORIO REIG JOFRE, S.A.
	- ACCIONA, S.A.
	- GRUPO EMPRESARIAL SAN JOSE, S.A.
	- AUDAX RENOVABLES, S.A.
	- NATRA, S.A.
	- ECOLUMBER, S.A.
	- GRUPO EZENTIS, S.A.
	- AMREST HOLDINGS, SE
	- SERVICE POINT SOLUTIONS, S.A.
	- DURO FELGUERA, S.A.
	- TELEPIZZA GROUP, S.A.
	- GENERAL DE ALQUILER DE MAQUINARIA, S.A.
	- NUEVA EXPRESIÓN TEXTIL, S.A
	- LIWE ESPAÑOLA, S.A.
	- REALIA BUSINESS, S.A.
	- UNION CATALANA DE VALORES, S.A.
	- IBERCAJA BANCO, S.A.
	- SANTANDER CONSUMER FINANCE, S.A.
	- CAIXABANK NOTAS MINORISTAS, S.A.U.
	- BODEGAS BILBAINAS, S.A.
	- ADVEO GROUP INTERNATIONAL, S.A.
	- INDUSTRIA DE DISEÑO TEXTIL, S.A.


NEW SCRAPING ACTION!
Date: 09/abr/2019
Hour: 23:42:19
New registries: 0.


NEW SCRAPING ACTION!
Date: 09/abr/2019
Hour: 23:43:30
New registries: 0.


NEW SCRAPING ACTION!
Date: 10/abr/2019
Hour: 07:18:15
New registries: 0.


ATTENTION!
NEW SCRAPING ACTION WITH ERRORS!
Date: 10/abr/2019
Hour: 07:18:32


NEW SCRAPING ACTION!
Date: 10/abr/2019
Hour: 07:23:02
New registries: 0.


